2024-06-10T10:58:43.552-03:00  INFO 22236 --- [msavaliadorcredito] [restartedMain] i.g.c.m.AvaliadorCreditoApplication      : Starting AvaliadorCreditoApplication using Java 17.0.10 with PID 22236 (C:\Users\jards\OneDrive\Documentos\Jardson\Estagio\SEMANA9\msavaliadorcredito\target\classes started by jards in C:\Users\jards\OneDrive\Documentos\Jardson\Estagio\SEMANA9\msavaliadorcredito)
2024-06-10T10:58:43.560-03:00  INFO 22236 --- [msavaliadorcredito] [restartedMain] i.g.c.m.AvaliadorCreditoApplication      : No active profile set, falling back to 1 default profile: "default"
2024-06-10T10:58:43.773-03:00  INFO 22236 --- [msavaliadorcredito] [restartedMain] .e.DevToolsPropertyDefaultsPostProcessor : Devtools property defaults active! Set 'spring.devtools.add-properties' to 'false' to disable
2024-06-10T10:58:43.774-03:00  INFO 22236 --- [msavaliadorcredito] [restartedMain] .e.DevToolsPropertyDefaultsPostProcessor : For additional web related logging consider setting the 'logging.level.web' property to 'DEBUG'
2024-06-10T10:58:47.691-03:00  INFO 22236 --- [msavaliadorcredito] [restartedMain] o.s.cloud.context.scope.GenericScope     : BeanFactory id=66e23899-bb2a-3fe3-9ded-1553c7136924
2024-06-10T10:58:48.042-03:00  WARN 22236 --- [msavaliadorcredito] [restartedMain] trationDelegate$BeanPostProcessorChecker : Bean 'org.springframework.cloud.client.loadbalancer.LoadBalancerAutoConfiguration$DeferringLoadBalancerInterceptorConfig' of type [org.springframework.cloud.client.loadbalancer.LoadBalancerAutoConfiguration$DeferringLoadBalancerInterceptorConfig] is not eligible for getting processed by all BeanPostProcessors (for example: not eligible for auto-proxying). The currently created BeanPostProcessor [lbRestClientPostProcessor] is declared through a non-static factory method on that class; consider declaring it as static instead.
2024-06-10T10:58:48.050-03:00  WARN 22236 --- [msavaliadorcredito] [restartedMain] trationDelegate$BeanPostProcessorChecker : Bean 'deferringLoadBalancerInterceptor' of type [org.springframework.cloud.client.loadbalancer.DeferringLoadBalancerInterceptor] is not eligible for getting processed by all BeanPostProcessors (for example: not eligible for auto-proxying). Is this bean getting eagerly injected into a currently created BeanPostProcessor [lbRestClientPostProcessor]? Check the corresponding BeanPostProcessor declaration and its dependencies.
2024-06-10T10:58:49.198-03:00  INFO 22236 --- [msavaliadorcredito] [restartedMain] o.s.b.w.embedded.tomcat.TomcatWebServer  : Tomcat initialized with port 0 (http)
2024-06-10T10:58:49.227-03:00  INFO 22236 --- [msavaliadorcredito] [restartedMain] o.apache.catalina.core.StandardService   : Starting service [Tomcat]
2024-06-10T10:58:49.228-03:00  INFO 22236 --- [msavaliadorcredito] [restartedMain] o.apache.catalina.core.StandardEngine    : Starting Servlet engine: [Apache Tomcat/10.1.24]
2024-06-10T10:58:49.374-03:00  INFO 22236 --- [msavaliadorcredito] [restartedMain] o.a.c.c.C.[Tomcat].[localhost].[/]       : Initializing Spring embedded WebApplicationContext
2024-06-10T10:58:49.374-03:00  INFO 22236 --- [msavaliadorcredito] [restartedMain] w.s.c.ServletWebServerApplicationContext : Root WebApplicationContext: initialization completed in 5599 ms
2024-06-10T10:58:50.393-03:00  WARN 22236 --- [msavaliadorcredito] [restartedMain] o.s.b.d.a.OptionalLiveReloadServer       : Unable to start LiveReload server
2024-06-10T10:58:50.725-03:00  INFO 22236 --- [msavaliadorcredito] [restartedMain] o.s.c.openfeign.FeignClientFactoryBean   : For 'msclientes' URL not provided. Will try picking an instance via load-balancing.
2024-06-10T10:58:50.921-03:00  INFO 22236 --- [msavaliadorcredito] [restartedMain] o.s.c.openfeign.FeignClientFactoryBean   : For 'mscartoes' URL not provided. Will try picking an instance via load-balancing.
2024-06-10T10:58:55.483-03:00  INFO 22236 --- [msavaliadorcredito] [restartedMain] DiscoveryClientOptionalArgsConfiguration : Eureka HTTP Client uses RestTemplate.
2024-06-10T10:58:55.548-03:00  WARN 22236 --- [msavaliadorcredito] [restartedMain] iguration$LoadBalancerCaffeineWarnLogger : Spring Cloud LoadBalancer is currently working with the default cache. While this cache implementation is useful for development and tests, it's recommended to use Caffeine cache in production.You can switch to using Caffeine cache, by adding it and org.springframework.cache.caffeine.CaffeineCacheManager to the classpath.
2024-06-10T10:58:55.572-03:00  INFO 22236 --- [msavaliadorcredito] [restartedMain] o.s.b.a.e.web.EndpointLinksResolver      : Exposing 18 endpoints beneath base path '/actuator'
2024-06-10T10:58:55.783-03:00  INFO 22236 --- [msavaliadorcredito] [restartedMain] o.s.b.w.embedded.tomcat.TomcatWebServer  : Tomcat started on port 59784 (http) with context path '/'
2024-06-10T10:58:55.784-03:00  INFO 22236 --- [msavaliadorcredito] [restartedMain] .s.c.n.e.s.EurekaAutoServiceRegistration : Updating port to 59784
2024-06-10T10:58:55.797-03:00  INFO 22236 --- [msavaliadorcredito] [restartedMain] o.s.c.n.eureka.InstanceInfoFactory       : Setting initial instance status as: STARTING
2024-06-10T10:58:55.892-03:00  INFO 22236 --- [msavaliadorcredito] [restartedMain] com.netflix.discovery.DiscoveryClient    : Initializing Eureka in region us-east-1
2024-06-10T10:58:55.905-03:00  INFO 22236 --- [msavaliadorcredito] [restartedMain] c.n.d.s.r.aws.ConfigClusterResolver      : Resolving eureka endpoints via configuration
2024-06-10T10:58:55.960-03:00  INFO 22236 --- [msavaliadorcredito] [restartedMain] com.netflix.discovery.DiscoveryClient    : Disable delta property : false
2024-06-10T10:58:55.961-03:00  INFO 22236 --- [msavaliadorcredito] [restartedMain] com.netflix.discovery.DiscoveryClient    : Single vip registry refresh property : null
2024-06-10T10:58:55.961-03:00  INFO 22236 --- [msavaliadorcredito] [restartedMain] com.netflix.discovery.DiscoveryClient    : Force full registry fetch : false
2024-06-10T10:58:55.961-03:00  INFO 22236 --- [msavaliadorcredito] [restartedMain] com.netflix.discovery.DiscoveryClient    : Application is null : false
2024-06-10T10:58:55.961-03:00  INFO 22236 --- [msavaliadorcredito] [restartedMain] com.netflix.discovery.DiscoveryClient    : Registered Applications size is zero : true
2024-06-10T10:58:55.961-03:00  INFO 22236 --- [msavaliadorcredito] [restartedMain] com.netflix.discovery.DiscoveryClient    : Application version is -1: true
2024-06-10T10:58:55.961-03:00  INFO 22236 --- [msavaliadorcredito] [restartedMain] com.netflix.discovery.DiscoveryClient    : Getting all instance registry info from the eureka server
2024-06-10T10:58:57.900-03:00  INFO 22236 --- [msavaliadorcredito] [restartedMain] com.netflix.discovery.DiscoveryClient    : The response status is 200
2024-06-10T10:58:57.905-03:00  INFO 22236 --- [msavaliadorcredito] [restartedMain] com.netflix.discovery.DiscoveryClient    : Starting heartbeat executor: renew interval is: 30
2024-06-10T10:58:57.908-03:00  INFO 22236 --- [msavaliadorcredito] [restartedMain] c.n.discovery.InstanceInfoReplicator     : InstanceInfoReplicator onDemand update allowed rate per min is 4
2024-06-10T10:58:57.918-03:00  INFO 22236 --- [msavaliadorcredito] [restartedMain] com.netflix.discovery.DiscoveryClient    : Discovery Client initialized at timestamp 1718027937914 with initial instances count: 4
2024-06-10T10:58:57.920-03:00  INFO 22236 --- [msavaliadorcredito] [restartedMain] o.s.c.n.e.s.EurekaServiceRegistry        : Registering application MSAVALIADORCREDITO with eureka with status UP
2024-06-10T10:58:57.921-03:00  INFO 22236 --- [msavaliadorcredito] [restartedMain] com.netflix.discovery.DiscoveryClient    : Saw local status change event StatusChangeEvent [timestamp=1718027937921, current=UP, previous=STARTING]
2024-06-10T10:58:57.943-03:00  INFO 22236 --- [msavaliadorcredito] [DiscoveryClient-InstanceInfoReplicator-0] com.netflix.discovery.DiscoveryClient    : DiscoveryClient_MSAVALIADORCREDITO/msavaliadorcredito:3cbbfdbbad8a4b896bfd88ad65700b8c: registering service...
2024-06-10T10:58:58.034-03:00  INFO 22236 --- [msavaliadorcredito] [restartedMain] i.g.c.m.AvaliadorCreditoApplication      : Started AvaliadorCreditoApplication in 17.137 seconds (process running for 19.32)
2024-06-10T10:58:58.291-03:00  INFO 22236 --- [msavaliadorcredito] [DiscoveryClient-InstanceInfoReplicator-0] com.netflix.discovery.DiscoveryClient    : DiscoveryClient_MSAVALIADORCREDITO/msavaliadorcredito:3cbbfdbbad8a4b896bfd88ad65700b8c - registration status: 204
2024-06-10T10:58:58.519-03:00  INFO 22236 --- [msavaliadorcredito] [RMI TCP Connection(5)-192.168.0.114] o.a.c.c.C.[Tomcat].[localhost].[/]       : Initializing Spring DispatcherServlet 'dispatcherServlet'
2024-06-10T10:58:58.519-03:00  INFO 22236 --- [msavaliadorcredito] [RMI TCP Connection(5)-192.168.0.114] o.s.web.servlet.DispatcherServlet        : Initializing Servlet 'dispatcherServlet'
2024-06-10T10:58:58.524-03:00  INFO 22236 --- [msavaliadorcredito] [RMI TCP Connection(5)-192.168.0.114] o.s.web.servlet.DispatcherServlet        : Completed initialization in 4 ms
2024-06-10T10:58:58.524-03:00  INFO 22236 --- [msavaliadorcredito] [RMI TCP Connection(4)-192.168.0.114] o.s.a.r.c.CachingConnectionFactory       : Attempting to connect to: [localhost:5672]
2024-06-10T10:58:58.880-03:00  INFO 22236 --- [msavaliadorcredito] [RMI TCP Connection(4)-192.168.0.114] o.s.a.r.c.CachingConnectionFactory       : Created new connection: rabbitConnectionFactory#4359641b:0/SimpleConnection@e3a2ba1 [delegate=amqp://guest@127.0.0.1:5672/, localPort=59790]
2024-06-10T11:03:55.985-03:00  INFO 22236 --- [msavaliadorcredito] [AsyncResolver-bootstrap-executor-0] c.n.d.s.r.aws.ConfigClusterResolver      : Resolving eureka endpoints via configuration
2024-06-10T11:04:36.268-03:00  INFO 22236 --- [msavaliadorcredito] [http-nio-auto-1-exec-3] o.springdoc.api.AbstractOpenApiResource  : Init duration for springdoc-openapi is: 433 ms
2024-06-10T11:08:56.012-03:00  INFO 22236 --- [msavaliadorcredito] [AsyncResolver-bootstrap-executor-0] c.n.d.s.r.aws.ConfigClusterResolver      : Resolving eureka endpoints via configuration
2024-06-10T11:13:56.087-03:00  INFO 22236 --- [msavaliadorcredito] [AsyncResolver-bootstrap-executor-0] c.n.d.s.r.aws.ConfigClusterResolver      : Resolving eureka endpoints via configuration
2024-06-10T11:18:56.299-03:00  INFO 22236 --- [msavaliadorcredito] [AsyncResolver-bootstrap-executor-0] c.n.d.s.r.aws.ConfigClusterResolver      : Resolving eureka endpoints via configuration
2024-06-10T11:23:56.355-03:00  INFO 22236 --- [msavaliadorcredito] [AsyncResolver-bootstrap-executor-0] c.n.d.s.r.aws.ConfigClusterResolver      : Resolving eureka endpoints via configuration
2024-06-10T11:28:56.421-03:00  INFO 22236 --- [msavaliadorcredito] [AsyncResolver-bootstrap-executor-0] c.n.d.s.r.aws.ConfigClusterResolver      : Resolving eureka endpoints via configuration
